Hmm ... looks like a package
This is pdfTeX, Version 3.141592653-2.6-1.40.25 (TeX Live 2023) (preloaded format=pdflatex)
 restricted \write18 enabled.
entering extended mode
(./Rd2.tex
LaTeX2e <2023-11-01> patch level 1
L3 programming layer <2024-01-22>

(c:/Users/maikem/AppData/Roaming/TinyTeX/texmf-dist/tex/latex/base/book.cls
Document Class: book 2023/05/17 v1.4n Standard LaTeX document class
(c:/Users/maikem/AppData/Roaming/TinyTeX/texmf-dist/tex/latex/base/bk10.clo)) (c:/Program Files/R/R-4.1.2/share/texmf/tex/latex/Rd.sty (c:/Users/maikem/AppData/Roaming/TinyTeX/texmf-dist/tex/latex/base/ifthen.sty) (c:/Users/maikem/AppData/Roaming/TinyTeX/texmf-dist/tex/latex/tools/longtable.sty) (c:/Users/maikem/AppData/Roaming/TinyTeX/texmf-dist/tex/latex/tools/bm.sty) (c:/Users/maikem/AppData/Roaming/TinyTeX/texmf-dist/tex/latex/base/alltt.sty) (c:/Users/maikem/AppData/Roaming/TinyTeX/texmf-dist/tex/latex/tools/verbatim.sty) (c:/Users/maikem/AppData/Roaming/TinyTeX/texmf-dist/tex/latex/url/url.sty) (c:/Users/maikem/AppData/Roaming/TinyTeX/texmf-dist/tex/latex/base/textcomp.sty) (c:/Users/maikem/AppData/Roaming/TinyTeX/texmf-dist/tex/latex/base/fontenc.sty) (c:/Users/maikem/AppData/Roaming/TinyTeX/texmf-dist/tex/latex/psnfss/times.sty) (c:/Users/maikem/AppData/Roaming/TinyTeX/texmf-dist/tex/latex/inconsolata/zi4.sty `inconsolata-zi4' v1.12, 2019/05/17 Text macros for Inconsolata (msharpe) (c:/Users/maikem/AppData/Roaming/TinyTeX/texmf-dist/tex/latex/xkeyval/xkeyval.sty (c:/Users/maikem/AppData/Roaming/TinyTeX/texmf-dist/tex/generic/xkeyval/xkeyval.tex (c:/Users/maikem/AppData/Roaming/TinyTeX/texmf-dist/tex/generic/xkeyval/xkvutils.tex (c:/Users/maikem/AppData/Roaming/TinyTeX/texmf-dist/tex/generic/xkeyval/keyval.tex))))) (c:/Users/maikem/AppData/Roaming/TinyTeX/texmf-dist/tex/latex/graphics/color.sty (c:/Users/maikem/AppData/Roaming/TinyTeX/texmf-dist/tex/latex/graphics-cfg/color.cfg) (c:/Users/maikem/AppData/Roaming/TinyTeX/texmf-dist/tex/latex/graphics-def/pdftex.def) (c:/Users/maikem/AppData/Roaming/TinyTeX/texmf-dist/tex/latex/graphics/mathcolor.ltx)) (c:/Users/maikem/AppData/Roaming/TinyTeX/texmf-dist/tex/latex/hyperref/hyperref.sty (c:/Users/maikem/AppData/Roaming/TinyTeX/texmf-dist/tex/generic/iftex/iftex.sty) (c:/Users/maikem/AppData/Roaming/TinyTeX/texmf-dist/tex/latex/kvsetkeys/kvsetkeys.sty) (c:/Users/maikem/AppData/Roaming/TinyTeX/texmf-dist/tex/generic/kvdefinekeys/kvdefinekeys.sty) (c:/Users/maikem/AppData/Roaming/TinyTeX/texmf-dist/tex/generic/pdfescape/pdfescape.sty (c:/Users/maikem/AppData/Roaming/TinyTeX/texmf-dist/tex/generic/ltxcmds/ltxcmds.sty) (c:/Users/maikem/AppData/Roaming/TinyTeX/texmf-dist/tex/generic/pdftexcmds/pdftexcmds.sty (c:/Users/maikem/AppData/Roaming/TinyTeX/texmf-dist/tex/generic/infwarerr/infwarerr.sty))) (c:/Users/maikem/AppData/Roaming/TinyTeX/texmf-dist/tex/latex/hycolor/hycolor.sty) (c:/Users/maikem/AppData/Roaming/TinyTeX/texmf-dist/tex/latex/auxhook/auxhook.sty) (c:/Users/maikem/AppData/Roaming/TinyTeX/texmf-dist/tex/latex/hyperref/nameref.sty (c:/Users/maikem/AppData/Roaming/TinyTeX/texmf-dist/tex/latex/refcount/refcount.sty) (c:/Users/maikem/AppData/Roaming/TinyTeX/texmf-dist/tex/generic/gettitlestring/gettitlestring.sty (c:/Users/maikem/AppData/Roaming/TinyTeX/texmf-dist/tex/latex/kvoptions/kvoptions.sty))) (c:/Users/maikem/AppData/Roaming/TinyTeX/texmf-dist/tex/latex/etoolbox/etoolbox.sty) (c:/Users/maikem/AppData/Roaming/TinyTeX/texmf-dist/tex/latex/hyperref/pd1enc.def) (c:/Users/maikem/AppData/Roaming/TinyTeX/texmf-dist/tex/generic/intcalc/intcalc.sty) (c:/Users/maikem/AppData/Roaming/TinyTeX/texmf-dist/tex/latex/hyperref/puenc.def) (c:/Users/maikem/AppData/Roaming/TinyTeX/texmf-dist/tex/generic/bitset/bitset.sty (c:/Users/maikem/AppData/Roaming/TinyTeX/texmf-dist/tex/generic/bigintcalc/bigintcalc.sty)) (c:/Users/maikem/AppData/Roaming/TinyTeX/texmf-dist/tex/latex/base/atbegshi-ltx.sty)) (c:/Users/maikem/AppData/Roaming/TinyTeX/texmf-dist/tex/latex/hyperref/hpdftex.def (c:/Users/maikem/AppData/Roaming/TinyTeX/texmf-dist/tex/latex/base/atveryend-ltx.sty) (c:/Users/maikem/AppData/Roaming/TinyTeX/texmf-dist/tex/latex/rerunfilecheck/rerunfilecheck.sty (c:/Users/maikem/AppData/Roaming/TinyTeX/texmf-dist/tex/generic/uniquecounter/uniquecounter.sty)))

Package hyperref Warning: Option `hyperindex' has already been used,
(hyperref)                setting the option has no effect on input line 377.


Package hyperref Warning: Option `pagebackref' has already been used,
(hyperref)                setting the option has no effect on input line 377.

) (c:/Users/maikem/AppData/Roaming/TinyTeX/texmf-dist/tex/latex/base/makeidx.sty) (c:/Users/maikem/AppData/Roaming/TinyTeX/texmf-dist/tex/latex/base/inputenc.sty)
Writing index file Rd2.idx
(c:/Users/maikem/AppData/Roaming/TinyTeX/texmf-dist/tex/latex/psnfss/t1ptm.fd) (c:/Users/maikem/AppData/Roaming/TinyTeX/texmf-dist/tex/latex/l3backend/l3backend-pdftex.def)
No file Rd2.aux.
(c:/Users/maikem/AppData/Roaming/TinyTeX/texmf-dist/tex/latex/inconsolata/t1zi4.fd) (c:/Users/maikem/AppData/Roaming/TinyTeX/texmf-dist/tex/latex/psnfss/t1phv.fd)
No file Rd2.toc.
[1{c:/Users/maikem/AppData/Roaming/TinyTeX/texmf-var/fonts/map/pdftex/updmap/pdftex.map}{c:/Users/maikem/AppData/Roaming/TinyTeX/texmf-dist/fonts/enc/dvips/base/8r.enc}{c:/Users/maikem/AppData/Roaming/TinyTeX/texmf-dist/fonts/enc/dvips/inconsolata/i4-t1-0.enc}]
Overfull \hbox (2.71797pt too wide) in paragraph at lines 66--67
[]\T1/ptm/m/n/10 The num-ber of boot-strap repli-cate ma-tri-ces to gen-er-ate. De-fault is \T1/zi4/m/n/10 n_replicates

Overfull \hbox (141.77902pt too wide) in paragraph at lines 74--75
\T1/ptm/m/n/10 dance of each cat-e-gory across rows. The de-fault value is \T1/zi4/m/n/10 w = rep(1/nrow(relab_matrix),nrow(relab_matrix))\T1/ptm/m/n/10 . 
[2] (c:/Users/maikem/AppData/Roaming/TinyTeX/texmf-dist/tex/latex/psnfss/ts1ptm.fd)
Overfull \hbox (1.5686pt too wide) in paragraph at lines 94--95
[]\T1/zi4/m/n/10 bootstrap_replicates\T1/ptm/m/n/10 : The boot-strap repli-cate ma-tri-ces, re-ported only if \T1/zi4/m/n/10 save_replicates

Overfull \hbox (0.73488pt too wide) in paragraph at lines 114--114
 [] \T1/zi4/m/n/9 # Plots of the bootstrap distributions of differences in FAVA between each pair of matrices,[] 
[3]
Overfull \hbox (141.77902pt too wide) in paragraph at lines 152--153
\T1/ptm/m/n/10 dance of each cat-e-gory across rows. The de-fault value is \T1/zi4/m/n/10 w = rep(1/nrow(relab_matrix),nrow(relab_matrix))\T1/ptm/m/n/10 . 

Overfull \hbox (6.13835pt too wide) in paragraph at lines 156--157
\T1/ptm/m/n/10 that de-scribes which group(s) each row (sam-ple) be-longs to. Use if \T1/zi4/m/n/10 relab_matrix
[4]
Overfull \hbox (28.80894pt too wide) in paragraph at lines 216--219
[]\T1/ptm/m/n/10 A ma-trix with \T1/zi4/m/n/10 I=nrow(relab_matrix) \T1/ptm/m/n/10 rows, each con-tain-ing \T1/zi4/m/n/10 K=ncol(relab_matrix)
[5] [6]
Overfull \hbox (141.77902pt too wide) in paragraph at lines 314--315
\T1/ptm/m/n/10 dance of each cat-e-gory across rows. The de-fault value is \T1/zi4/m/n/10 w = rep(1/nrow(relab_matrix),nrow(relab_matrix))\T1/ptm/m/n/10 . 
[7]
Overfull \hbox (6.13835pt too wide) in paragraph at lines 318--319
\T1/ptm/m/n/10 that de-scribes which group(s) each row (sam-ple) be-longs to. Use if \T1/zi4/m/n/10 relab_matrix

Overfull \hbox (22.35841pt too wide) in paragraph at lines 368--369
[]\T1/ptm/m/n/10 This func-tion com-putes the Gini-Simpson in-dex of a "pooled" vec-tor equal to \T1/zi4/m/n/10 colMeans(relab_matrix)\T1/ptm/m/n/10 .
[8]
Overfull \hbox (141.77902pt too wide) in paragraph at lines 396--397
\T1/ptm/m/n/10 dance of each cat-e-gory across rows. The de-fault value is \T1/zi4/m/n/10 w = rep(1/nrow(relab_matrix),nrow(relab_matrix))\T1/ptm/m/n/10 . 

Overfull \hbox (6.13835pt too wide) in paragraph at lines 400--401
\T1/ptm/m/n/10 that de-scribes which group(s) each row (sam-ple) be-longs to. Use if \T1/zi4/m/n/10 relab_matrix
[9] [10]
Overfull \hbox (28.80894pt too wide) in paragraph at lines 474--477
[]\T1/ptm/m/n/10 A ma-trix with \T1/zi4/m/n/10 I=nrow(relab_matrix) \T1/ptm/m/n/10 rows, each con-tain-ing \T1/zi4/m/n/10 K=ncol(relab_matrix)

Overfull \hbox (141.77902pt too wide) in paragraph at lines 482--483
\T1/ptm/m/n/10 dance of each cat-e-gory across rows. The de-fault value is \T1/zi4/m/n/10 w = rep(1/nrow(relab_matrix),nrow(relab_matrix))\T1/ptm/m/n/10 . 
[11]
Overfull \hbox (0.75328pt too wide) in paragraph at lines 568--568
 [] \T1/zi4/m/n/9 plot_relabund(relab_matrix = populations_AB, group = "population", arrange = "horizontal")[] 
[12] [13]
Overfull \hbox (141.77902pt too wide) in paragraph at lines 675--676
\T1/ptm/m/n/10 dance of each cat-e-gory across rows. The de-fault value is \T1/zi4/m/n/10 w = rep(1/nrow(relab_matrix),nrow(relab_matrix))\T1/ptm/m/n/10 . 
[14] [15] [16]
Underfull \hbox (badness 10000) in paragraph at lines 834--834
[]\T1/ptm/m/it/10 Species sim-i-lar-ity ma-trix for the species in-cluded in
[17]
No file Rd2.ind.
[18] (./Rd2.aux)

Package rerunfilecheck Warning: File `Rd2.out' has changed.
(rerunfilecheck)                Rerun to get outlines right
(rerunfilecheck)                or use package `bookmark'.

 )
(see the transcript file for additional information)<c:/Users/maikem/AppData/Roaming/TinyTeX/texmf-dist/fonts/type1/public/inconsolata/Inconsolata-zi4r.pfb><c:/Users/maikem/AppData/Roaming/TinyTeX/texmf-dist/fonts/type1/public/amsfonts/cm/cmmi10.pfb><c:/Users/maikem/AppData/Roaming/TinyTeX/texmf-dist/fonts/type1/public/amsfonts/cm/cmmi7.pfb><c:/Users/maikem/AppData/Roaming/TinyTeX/texmf-dist/fonts/type1/public/amsfonts/cm/cmr10.pfb><c:/Users/maikem/AppData/Roaming/TinyTeX/texmf-dist/fonts/type1/public/amsfonts/cm/cmr7.pfb><c:/Users/maikem/AppData/Roaming/TinyTeX/texmf-dist/fonts/type1/public/amsfonts/cm/cmsy10.pfb><c:/Users/maikem/AppData/Roaming/TinyTeX/texmf-dist/fonts/type1/public/amsfonts/cm/cmsy7.pfb><c:/Users/maikem/AppData/Roaming/TinyTeX/texmf-dist/fonts/type1/urw/helvetic/uhvr8a.pfb><c:/Users/maikem/AppData/Roaming/TinyTeX/texmf-dist/fonts/type1/urw/times/utmb8a.pfb><c:/Users/maikem/AppData/Roaming/TinyTeX/texmf-dist/fonts/type1/urw/times/utmr8a.pfb><c:/Users/maikem/AppData/Roaming/TinyTeX/texmf-dist/fonts/type1/urw/times/utmr8a.pfb><c:/Users/maikem/AppData/Roaming/TinyTeX/texmf-dist/fonts/type1/urw/times/utmri8a.pfb>
Output written on Rd2.pdf (18 pages, 171685 bytes).
Transcript written on Rd2.log.
This is makeindex, version 2.17 [TeX Live 2023] (kpathsea + Thai support).
Scanning input file Rd2.idx....done (20 entries accepted, 0 rejected).
Sorting entries....done (91 comparisons).
Generating output file Rd2.ind....done (49 lines written, 0 warnings).
Output written in Rd2.ind.
Transcript written in Rd2.ilg.
This is pdfTeX, Version 3.141592653-2.6-1.40.25 (TeX Live 2023) (preloaded format=pdflatex)
 restricted \write18 enabled.
entering extended mode
(./Rd2.tex
LaTeX2e <2023-11-01> patch level 1
L3 programming layer <2024-01-22>

(c:/Users/maikem/AppData/Roaming/TinyTeX/texmf-dist/tex/latex/base/book.cls
Document Class: book 2023/05/17 v1.4n Standard LaTeX document class
(c:/Users/maikem/AppData/Roaming/TinyTeX/texmf-dist/tex/latex/base/bk10.clo)) (c:/Program Files/R/R-4.1.2/share/texmf/tex/latex/Rd.sty (c:/Users/maikem/AppData/Roaming/TinyTeX/texmf-dist/tex/latex/base/ifthen.sty) (c:/Users/maikem/AppData/Roaming/TinyTeX/texmf-dist/tex/latex/tools/longtable.sty) (c:/Users/maikem/AppData/Roaming/TinyTeX/texmf-dist/tex/latex/tools/bm.sty) (c:/Users/maikem/AppData/Roaming/TinyTeX/texmf-dist/tex/latex/base/alltt.sty) (c:/Users/maikem/AppData/Roaming/TinyTeX/texmf-dist/tex/latex/tools/verbatim.sty) (c:/Users/maikem/AppData/Roaming/TinyTeX/texmf-dist/tex/latex/url/url.sty) (c:/Users/maikem/AppData/Roaming/TinyTeX/texmf-dist/tex/latex/base/textcomp.sty) (c:/Users/maikem/AppData/Roaming/TinyTeX/texmf-dist/tex/latex/base/fontenc.sty) (c:/Users/maikem/AppData/Roaming/TinyTeX/texmf-dist/tex/latex/psnfss/times.sty) (c:/Users/maikem/AppData/Roaming/TinyTeX/texmf-dist/tex/latex/inconsolata/zi4.sty `inconsolata-zi4' v1.12, 2019/05/17 Text macros for Inconsolata (msharpe) (c:/Users/maikem/AppData/Roaming/TinyTeX/texmf-dist/tex/latex/xkeyval/xkeyval.sty (c:/Users/maikem/AppData/Roaming/TinyTeX/texmf-dist/tex/generic/xkeyval/xkeyval.tex (c:/Users/maikem/AppData/Roaming/TinyTeX/texmf-dist/tex/generic/xkeyval/xkvutils.tex (c:/Users/maikem/AppData/Roaming/TinyTeX/texmf-dist/tex/generic/xkeyval/keyval.tex))))) (c:/Users/maikem/AppData/Roaming/TinyTeX/texmf-dist/tex/latex/graphics/color.sty (c:/Users/maikem/AppData/Roaming/TinyTeX/texmf-dist/tex/latex/graphics-cfg/color.cfg) (c:/Users/maikem/AppData/Roaming/TinyTeX/texmf-dist/tex/latex/graphics-def/pdftex.def) (c:/Users/maikem/AppData/Roaming/TinyTeX/texmf-dist/tex/latex/graphics/mathcolor.ltx)) (c:/Users/maikem/AppData/Roaming/TinyTeX/texmf-dist/tex/latex/hyperref/hyperref.sty (c:/Users/maikem/AppData/Roaming/TinyTeX/texmf-dist/tex/generic/iftex/iftex.sty) (c:/Users/maikem/AppData/Roaming/TinyTeX/texmf-dist/tex/latex/kvsetkeys/kvsetkeys.sty) (c:/Users/maikem/AppData/Roaming/TinyTeX/texmf-dist/tex/generic/kvdefinekeys/kvdefinekeys.sty) (c:/Users/maikem/AppData/Roaming/TinyTeX/texmf-dist/tex/generic/pdfescape/pdfescape.sty (c:/Users/maikem/AppData/Roaming/TinyTeX/texmf-dist/tex/generic/ltxcmds/ltxcmds.sty) (c:/Users/maikem/AppData/Roaming/TinyTeX/texmf-dist/tex/generic/pdftexcmds/pdftexcmds.sty (c:/Users/maikem/AppData/Roaming/TinyTeX/texmf-dist/tex/generic/infwarerr/infwarerr.sty))) (c:/Users/maikem/AppData/Roaming/TinyTeX/texmf-dist/tex/latex/hycolor/hycolor.sty) (c:/Users/maikem/AppData/Roaming/TinyTeX/texmf-dist/tex/latex/auxhook/auxhook.sty) (c:/Users/maikem/AppData/Roaming/TinyTeX/texmf-dist/tex/latex/hyperref/nameref.sty (c:/Users/maikem/AppData/Roaming/TinyTeX/texmf-dist/tex/latex/refcount/refcount.sty) (c:/Users/maikem/AppData/Roaming/TinyTeX/texmf-dist/tex/generic/gettitlestring/gettitlestring.sty (c:/Users/maikem/AppData/Roaming/TinyTeX/texmf-dist/tex/latex/kvoptions/kvoptions.sty))) (c:/Users/maikem/AppData/Roaming/TinyTeX/texmf-dist/tex/latex/etoolbox/etoolbox.sty) (c:/Users/maikem/AppData/Roaming/TinyTeX/texmf-dist/tex/latex/hyperref/pd1enc.def) (c:/Users/maikem/AppData/Roaming/TinyTeX/texmf-dist/tex/generic/intcalc/intcalc.sty) (c:/Users/maikem/AppData/Roaming/TinyTeX/texmf-dist/tex/latex/hyperref/puenc.def) (c:/Users/maikem/AppData/Roaming/TinyTeX/texmf-dist/tex/generic/bitset/bitset.sty (c:/Users/maikem/AppData/Roaming/TinyTeX/texmf-dist/tex/generic/bigintcalc/bigintcalc.sty)) (c:/Users/maikem/AppData/Roaming/TinyTeX/texmf-dist/tex/latex/base/atbegshi-ltx.sty)) (c:/Users/maikem/AppData/Roaming/TinyTeX/texmf-dist/tex/latex/hyperref/hpdftex.def (c:/Users/maikem/AppData/Roaming/TinyTeX/texmf-dist/tex/latex/base/atveryend-ltx.sty) (c:/Users/maikem/AppData/Roaming/TinyTeX/texmf-dist/tex/latex/rerunfilecheck/rerunfilecheck.sty (c:/Users/maikem/AppData/Roaming/TinyTeX/texmf-dist/tex/generic/uniquecounter/uniquecounter.sty)))

Package hyperref Warning: Option `hyperindex' has already been used,
(hyperref)                setting the option has no effect on input line 377.


Package hyperref Warning: Option `pagebackref' has already been used,
(hyperref)                setting the option has no effect on input line 377.

) (c:/Users/maikem/AppData/Roaming/TinyTeX/texmf-dist/tex/latex/base/makeidx.sty) (c:/Users/maikem/AppData/Roaming/TinyTeX/texmf-dist/tex/latex/base/inputenc.sty)
Writing index file Rd2.idx
(c:/Users/maikem/AppData/Roaming/TinyTeX/texmf-dist/tex/latex/psnfss/t1ptm.fd) (c:/Users/maikem/AppData/Roaming/TinyTeX/texmf-dist/tex/latex/l3backend/l3backend-pdftex.def) (./Rd2.aux) (./Rd2.out) (./Rd2.out) (c:/Users/maikem/AppData/Roaming/TinyTeX/texmf-dist/tex/latex/inconsolata/t1zi4.fd) (c:/Users/maikem/AppData/Roaming/TinyTeX/texmf-dist/tex/latex/psnfss/t1phv.fd) (./Rd2.toc [1{c:/Users/maikem/AppData/Roaming/TinyTeX/texmf-var/fonts/map/pdftex/updmap/pdftex.map}{c:/Users/maikem/AppData/Roaming/TinyTeX/texmf-dist/fonts/enc/dvips/base/8r.enc}{c:/Users/maikem/AppData/Roaming/TinyTeX/texmf-dist/fonts/enc/dvips/inconsolata/i4-t1-0.enc}])
Overfull \hbox (2.71797pt too wide) in paragraph at lines 66--67
[]\T1/ptm/m/n/10 The num-ber of boot-strap repli-cate ma-tri-ces to gen-er-ate. De-fault is \T1/zi4/m/n/10 n_replicates
[2]
Overfull \hbox (141.77902pt too wide) in paragraph at lines 74--75
\T1/ptm/m/n/10 dance of each cat-e-gory across rows. The de-fault value is \T1/zi4/m/n/10 w = rep(1/nrow(relab_matrix),nrow(relab_matrix))\T1/ptm/m/n/10 . 
(c:/Users/maikem/AppData/Roaming/TinyTeX/texmf-dist/tex/latex/psnfss/ts1ptm.fd)
Overfull \hbox (1.5686pt too wide) in paragraph at lines 94--95
[]\T1/zi4/m/n/10 bootstrap_replicates\T1/ptm/m/n/10 : The boot-strap repli-cate ma-tri-ces, re-ported only if \T1/zi4/m/n/10 save_replicates

Overfull \hbox (0.73488pt too wide) in paragraph at lines 114--114
 [] \T1/zi4/m/n/9 # Plots of the bootstrap distributions of differences in FAVA between each pair of matrices,[] 
[3]
Overfull \hbox (141.77902pt too wide) in paragraph at lines 152--153
\T1/ptm/m/n/10 dance of each cat-e-gory across rows. The de-fault value is \T1/zi4/m/n/10 w = rep(1/nrow(relab_matrix),nrow(relab_matrix))\T1/ptm/m/n/10 . 

Overfull \hbox (6.13835pt too wide) in paragraph at lines 156--157
\T1/ptm/m/n/10 that de-scribes which group(s) each row (sam-ple) be-longs to. Use if \T1/zi4/m/n/10 relab_matrix
[4]
Overfull \hbox (28.80894pt too wide) in paragraph at lines 216--219
[]\T1/ptm/m/n/10 A ma-trix with \T1/zi4/m/n/10 I=nrow(relab_matrix) \T1/ptm/m/n/10 rows, each con-tain-ing \T1/zi4/m/n/10 K=ncol(relab_matrix)
[5] [6]
Overfull \hbox (141.77902pt too wide) in paragraph at lines 314--315
\T1/ptm/m/n/10 dance of each cat-e-gory across rows. The de-fault value is \T1/zi4/m/n/10 w = rep(1/nrow(relab_matrix),nrow(relab_matrix))\T1/ptm/m/n/10 . 
[7]
Overfull \hbox (6.13835pt too wide) in paragraph at lines 318--319
\T1/ptm/m/n/10 that de-scribes which group(s) each row (sam-ple) be-longs to. Use if \T1/zi4/m/n/10 relab_matrix
[8]
Overfull \hbox (22.35841pt too wide) in paragraph at lines 368--369
[]\T1/ptm/m/n/10 This func-tion com-putes the Gini-Simpson in-dex of a "pooled" vec-tor equal to \T1/zi4/m/n/10 colMeans(relab_matrix)\T1/ptm/m/n/10 .

Overfull \hbox (141.77902pt too wide) in paragraph at lines 396--397
\T1/ptm/m/n/10 dance of each cat-e-gory across rows. The de-fault value is \T1/zi4/m/n/10 w = rep(1/nrow(relab_matrix),nrow(relab_matrix))\T1/ptm/m/n/10 . 

Overfull \hbox (6.13835pt too wide) in paragraph at lines 400--401
\T1/ptm/m/n/10 that de-scribes which group(s) each row (sam-ple) be-longs to. Use if \T1/zi4/m/n/10 relab_matrix
[9] [10]
Overfull \hbox (28.80894pt too wide) in paragraph at lines 474--477
[]\T1/ptm/m/n/10 A ma-trix with \T1/zi4/m/n/10 I=nrow(relab_matrix) \T1/ptm/m/n/10 rows, each con-tain-ing \T1/zi4/m/n/10 K=ncol(relab_matrix)

Overfull \hbox (141.77902pt too wide) in paragraph at lines 482--483
\T1/ptm/m/n/10 dance of each cat-e-gory across rows. The de-fault value is \T1/zi4/m/n/10 w = rep(1/nrow(relab_matrix),nrow(relab_matrix))\T1/ptm/m/n/10 . 
[11]
Overfull \hbox (0.75328pt too wide) in paragraph at lines 568--568
 [] \T1/zi4/m/n/9 plot_relabund(relab_matrix = populations_AB, group = "population", arrange = "horizontal")[] 
[12] [13]
Overfull \hbox (141.77902pt too wide) in paragraph at lines 675--676
\T1/ptm/m/n/10 dance of each cat-e-gory across rows. The de-fault value is \T1/zi4/m/n/10 w = rep(1/nrow(relab_matrix),nrow(relab_matrix))\T1/ptm/m/n/10 . 
[14] [15] [16]
Underfull \hbox (badness 10000) in paragraph at lines 834--834
[]\T1/ptm/m/it/10 Species sim-i-lar-ity ma-trix for the species in-cluded in
[17] (./Rd2.ind [18] [19]) (./Rd2.aux)

Package rerunfilecheck Warning: File `Rd2.out' has changed.
(rerunfilecheck)                Rerun to get outlines right
(rerunfilecheck)                or use package `bookmark'.

 )
(see the transcript file for additional information)<c:/Users/maikem/AppData/Roaming/TinyTeX/texmf-dist/fonts/type1/public/inconsolata/Inconsolata-zi4r.pfb><c:/Users/maikem/AppData/Roaming/TinyTeX/texmf-dist/fonts/type1/public/amsfonts/cm/cmmi10.pfb><c:/Users/maikem/AppData/Roaming/TinyTeX/texmf-dist/fonts/type1/public/amsfonts/cm/cmmi7.pfb><c:/Users/maikem/AppData/Roaming/TinyTeX/texmf-dist/fonts/type1/public/amsfonts/cm/cmr10.pfb><c:/Users/maikem/AppData/Roaming/TinyTeX/texmf-dist/fonts/type1/public/amsfonts/cm/cmr7.pfb><c:/Users/maikem/AppData/Roaming/TinyTeX/texmf-dist/fonts/type1/public/amsfonts/cm/cmsy10.pfb><c:/Users/maikem/AppData/Roaming/TinyTeX/texmf-dist/fonts/type1/public/amsfonts/cm/cmsy7.pfb><c:/Users/maikem/AppData/Roaming/TinyTeX/texmf-dist/fonts/type1/urw/helvetic/uhvr8a.pfb><c:/Users/maikem/AppData/Roaming/TinyTeX/texmf-dist/fonts/type1/urw/times/utmb8a.pfb><c:/Users/maikem/AppData/Roaming/TinyTeX/texmf-dist/fonts/type1/urw/times/utmr8a.pfb><c:/Users/maikem/AppData/Roaming/TinyTeX/texmf-dist/fonts/type1/urw/times/utmr8a.pfb><c:/Users/maikem/AppData/Roaming/TinyTeX/texmf-dist/fonts/type1/urw/times/utmri8a.pfb>
Output written on Rd2.pdf (19 pages, 175452 bytes).
Transcript written on Rd2.log.
This is makeindex, version 2.17 [TeX Live 2023] (kpathsea + Thai support).
Scanning input file Rd2.idx....done (20 entries accepted, 0 rejected).
Sorting entries....done (91 comparisons).
Generating output file Rd2.ind....done (49 lines written, 0 warnings).
Output written in Rd2.ind.
Transcript written in Rd2.ilg.
This is pdfTeX, Version 3.141592653-2.6-1.40.25 (TeX Live 2023) (preloaded format=pdflatex)
 restricted \write18 enabled.
entering extended mode
(./Rd2.tex
LaTeX2e <2023-11-01> patch level 1
L3 programming layer <2024-01-22>

(c:/Users/maikem/AppData/Roaming/TinyTeX/texmf-dist/tex/latex/base/book.cls
Document Class: book 2023/05/17 v1.4n Standard LaTeX document class
(c:/Users/maikem/AppData/Roaming/TinyTeX/texmf-dist/tex/latex/base/bk10.clo)) (c:/Program Files/R/R-4.1.2/share/texmf/tex/latex/Rd.sty (c:/Users/maikem/AppData/Roaming/TinyTeX/texmf-dist/tex/latex/base/ifthen.sty) (c:/Users/maikem/AppData/Roaming/TinyTeX/texmf-dist/tex/latex/tools/longtable.sty) (c:/Users/maikem/AppData/Roaming/TinyTeX/texmf-dist/tex/latex/tools/bm.sty) (c:/Users/maikem/AppData/Roaming/TinyTeX/texmf-dist/tex/latex/base/alltt.sty) (c:/Users/maikem/AppData/Roaming/TinyTeX/texmf-dist/tex/latex/tools/verbatim.sty) (c:/Users/maikem/AppData/Roaming/TinyTeX/texmf-dist/tex/latex/url/url.sty) (c:/Users/maikem/AppData/Roaming/TinyTeX/texmf-dist/tex/latex/base/textcomp.sty) (c:/Users/maikem/AppData/Roaming/TinyTeX/texmf-dist/tex/latex/base/fontenc.sty) (c:/Users/maikem/AppData/Roaming/TinyTeX/texmf-dist/tex/latex/psnfss/times.sty) (c:/Users/maikem/AppData/Roaming/TinyTeX/texmf-dist/tex/latex/inconsolata/zi4.sty `inconsolata-zi4' v1.12, 2019/05/17 Text macros for Inconsolata (msharpe) (c:/Users/maikem/AppData/Roaming/TinyTeX/texmf-dist/tex/latex/xkeyval/xkeyval.sty (c:/Users/maikem/AppData/Roaming/TinyTeX/texmf-dist/tex/generic/xkeyval/xkeyval.tex (c:/Users/maikem/AppData/Roaming/TinyTeX/texmf-dist/tex/generic/xkeyval/xkvutils.tex (c:/Users/maikem/AppData/Roaming/TinyTeX/texmf-dist/tex/generic/xkeyval/keyval.tex))))) (c:/Users/maikem/AppData/Roaming/TinyTeX/texmf-dist/tex/latex/graphics/color.sty (c:/Users/maikem/AppData/Roaming/TinyTeX/texmf-dist/tex/latex/graphics-cfg/color.cfg) (c:/Users/maikem/AppData/Roaming/TinyTeX/texmf-dist/tex/latex/graphics-def/pdftex.def) (c:/Users/maikem/AppData/Roaming/TinyTeX/texmf-dist/tex/latex/graphics/mathcolor.ltx)) (c:/Users/maikem/AppData/Roaming/TinyTeX/texmf-dist/tex/latex/hyperref/hyperref.sty (c:/Users/maikem/AppData/Roaming/TinyTeX/texmf-dist/tex/generic/iftex/iftex.sty) (c:/Users/maikem/AppData/Roaming/TinyTeX/texmf-dist/tex/latex/kvsetkeys/kvsetkeys.sty) (c:/Users/maikem/AppData/Roaming/TinyTeX/texmf-dist/tex/generic/kvdefinekeys/kvdefinekeys.sty) (c:/Users/maikem/AppData/Roaming/TinyTeX/texmf-dist/tex/generic/pdfescape/pdfescape.sty (c:/Users/maikem/AppData/Roaming/TinyTeX/texmf-dist/tex/generic/ltxcmds/ltxcmds.sty) (c:/Users/maikem/AppData/Roaming/TinyTeX/texmf-dist/tex/generic/pdftexcmds/pdftexcmds.sty (c:/Users/maikem/AppData/Roaming/TinyTeX/texmf-dist/tex/generic/infwarerr/infwarerr.sty))) (c:/Users/maikem/AppData/Roaming/TinyTeX/texmf-dist/tex/latex/hycolor/hycolor.sty) (c:/Users/maikem/AppData/Roaming/TinyTeX/texmf-dist/tex/latex/auxhook/auxhook.sty) (c:/Users/maikem/AppData/Roaming/TinyTeX/texmf-dist/tex/latex/hyperref/nameref.sty (c:/Users/maikem/AppData/Roaming/TinyTeX/texmf-dist/tex/latex/refcount/refcount.sty) (c:/Users/maikem/AppData/Roaming/TinyTeX/texmf-dist/tex/generic/gettitlestring/gettitlestring.sty (c:/Users/maikem/AppData/Roaming/TinyTeX/texmf-dist/tex/latex/kvoptions/kvoptions.sty))) (c:/Users/maikem/AppData/Roaming/TinyTeX/texmf-dist/tex/latex/etoolbox/etoolbox.sty) (c:/Users/maikem/AppData/Roaming/TinyTeX/texmf-dist/tex/latex/hyperref/pd1enc.def) (c:/Users/maikem/AppData/Roaming/TinyTeX/texmf-dist/tex/generic/intcalc/intcalc.sty) (c:/Users/maikem/AppData/Roaming/TinyTeX/texmf-dist/tex/latex/hyperref/puenc.def) (c:/Users/maikem/AppData/Roaming/TinyTeX/texmf-dist/tex/generic/bitset/bitset.sty (c:/Users/maikem/AppData/Roaming/TinyTeX/texmf-dist/tex/generic/bigintcalc/bigintcalc.sty)) (c:/Users/maikem/AppData/Roaming/TinyTeX/texmf-dist/tex/latex/base/atbegshi-ltx.sty)) (c:/Users/maikem/AppData/Roaming/TinyTeX/texmf-dist/tex/latex/hyperref/hpdftex.def (c:/Users/maikem/AppData/Roaming/TinyTeX/texmf-dist/tex/latex/base/atveryend-ltx.sty) (c:/Users/maikem/AppData/Roaming/TinyTeX/texmf-dist/tex/latex/rerunfilecheck/rerunfilecheck.sty (c:/Users/maikem/AppData/Roaming/TinyTeX/texmf-dist/tex/generic/uniquecounter/uniquecounter.sty)))

Package hyperref Warning: Option `hyperindex' has already been used,
(hyperref)                setting the option has no effect on input line 377.


Package hyperref Warning: Option `pagebackref' has already been used,
(hyperref)                setting the option has no effect on input line 377.

) (c:/Users/maikem/AppData/Roaming/TinyTeX/texmf-dist/tex/latex/base/makeidx.sty) (c:/Users/maikem/AppData/Roaming/TinyTeX/texmf-dist/tex/latex/base/inputenc.sty)
Writing index file Rd2.idx
(c:/Users/maikem/AppData/Roaming/TinyTeX/texmf-dist/tex/latex/psnfss/t1ptm.fd) (c:/Users/maikem/AppData/Roaming/TinyTeX/texmf-dist/tex/latex/l3backend/l3backend-pdftex.def) (./Rd2.aux) (./Rd2.out) (./Rd2.out) (c:/Users/maikem/AppData/Roaming/TinyTeX/texmf-dist/tex/latex/inconsolata/t1zi4.fd) (c:/Users/maikem/AppData/Roaming/TinyTeX/texmf-dist/tex/latex/psnfss/t1phv.fd) (./Rd2.toc [1{c:/Users/maikem/AppData/Roaming/TinyTeX/texmf-var/fonts/map/pdftex/updmap/pdftex.map}{c:/Users/maikem/AppData/Roaming/TinyTeX/texmf-dist/fonts/enc/dvips/base/8r.enc}{c:/Users/maikem/AppData/Roaming/TinyTeX/texmf-dist/fonts/enc/dvips/inconsolata/i4-t1-0.enc}])
Overfull \hbox (2.71797pt too wide) in paragraph at lines 66--67
[]\T1/ptm/m/n/10 The num-ber of boot-strap repli-cate ma-tri-ces to gen-er-ate. De-fault is \T1/zi4/m/n/10 n_replicates
[2]
Overfull \hbox (141.77902pt too wide) in paragraph at lines 74--75
\T1/ptm/m/n/10 dance of each cat-e-gory across rows. The de-fault value is \T1/zi4/m/n/10 w = rep(1/nrow(relab_matrix),nrow(relab_matrix))\T1/ptm/m/n/10 . 
(c:/Users/maikem/AppData/Roaming/TinyTeX/texmf-dist/tex/latex/psnfss/ts1ptm.fd)
Overfull \hbox (1.5686pt too wide) in paragraph at lines 94--95
[]\T1/zi4/m/n/10 bootstrap_replicates\T1/ptm/m/n/10 : The boot-strap repli-cate ma-tri-ces, re-ported only if \T1/zi4/m/n/10 save_replicates
[3]
Overfull \hbox (0.73488pt too wide) in paragraph at lines 114--114
 [] \T1/zi4/m/n/9 # Plots of the bootstrap distributions of differences in FAVA between each pair of matrices,[] 

Overfull \hbox (141.77902pt too wide) in paragraph at lines 152--153
\T1/ptm/m/n/10 dance of each cat-e-gory across rows. The de-fault value is \T1/zi4/m/n/10 w = rep(1/nrow(relab_matrix),nrow(relab_matrix))\T1/ptm/m/n/10 . 

Overfull \hbox (6.13835pt too wide) in paragraph at lines 156--157
\T1/ptm/m/n/10 that de-scribes which group(s) each row (sam-ple) be-longs to. Use if \T1/zi4/m/n/10 relab_matrix
[4]
Overfull \hbox (28.80894pt too wide) in paragraph at lines 216--219
[]\T1/ptm/m/n/10 A ma-trix with \T1/zi4/m/n/10 I=nrow(relab_matrix) \T1/ptm/m/n/10 rows, each con-tain-ing \T1/zi4/m/n/10 K=ncol(relab_matrix)
[5] [6] [7]
Overfull \hbox (141.77902pt too wide) in paragraph at lines 314--315
\T1/ptm/m/n/10 dance of each cat-e-gory across rows. The de-fault value is \T1/zi4/m/n/10 w = rep(1/nrow(relab_matrix),nrow(relab_matrix))\T1/ptm/m/n/10 . 

Overfull \hbox (6.13835pt too wide) in paragraph at lines 318--319
\T1/ptm/m/n/10 that de-scribes which group(s) each row (sam-ple) be-longs to. Use if \T1/zi4/m/n/10 relab_matrix
[8]
Overfull \hbox (22.35841pt too wide) in paragraph at lines 368--369
[]\T1/ptm/m/n/10 This func-tion com-putes the Gini-Simpson in-dex of a "pooled" vec-tor equal to \T1/zi4/m/n/10 colMeans(relab_matrix)\T1/ptm/m/n/10 .

Overfull \hbox (141.77902pt too wide) in paragraph at lines 396--397
\T1/ptm/m/n/10 dance of each cat-e-gory across rows. The de-fault value is \T1/zi4/m/n/10 w = rep(1/nrow(relab_matrix),nrow(relab_matrix))\T1/ptm/m/n/10 . 

Overfull \hbox (6.13835pt too wide) in paragraph at lines 400--401
\T1/ptm/m/n/10 that de-scribes which group(s) each row (sam-ple) be-longs to. Use if \T1/zi4/m/n/10 relab_matrix
[9] [10]
Overfull \hbox (28.80894pt too wide) in paragraph at lines 474--477
[]\T1/ptm/m/n/10 A ma-trix with \T1/zi4/m/n/10 I=nrow(relab_matrix) \T1/ptm/m/n/10 rows, each con-tain-ing \T1/zi4/m/n/10 K=ncol(relab_matrix)

Overfull \hbox (141.77902pt too wide) in paragraph at lines 482--483
\T1/ptm/m/n/10 dance of each cat-e-gory across rows. The de-fault value is \T1/zi4/m/n/10 w = rep(1/nrow(relab_matrix),nrow(relab_matrix))\T1/ptm/m/n/10 . 
[11]
Overfull \hbox (0.75328pt too wide) in paragraph at lines 568--568
 [] \T1/zi4/m/n/9 plot_relabund(relab_matrix = populations_AB, group = "population", arrange = "horizontal")[] 

Underfull \vbox (badness 10000) has occurred while \output is active [12] [13]
Overfull \hbox (141.77902pt too wide) in paragraph at lines 675--676
\T1/ptm/m/n/10 dance of each cat-e-gory across rows. The de-fault value is \T1/zi4/m/n/10 w = rep(1/nrow(relab_matrix),nrow(relab_matrix))\T1/ptm/m/n/10 . 
[14] [15] [16]
Underfull \hbox (badness 10000) in paragraph at lines 834--834
[]\T1/ptm/m/it/10 Species sim-i-lar-ity ma-trix for the species in-cluded in
[17] (./Rd2.ind [18] [19]) (./Rd2.aux) )
(see the transcript file for additional information)<c:/Users/maikem/AppData/Roaming/TinyTeX/texmf-dist/fonts/type1/public/inconsolata/Inconsolata-zi4r.pfb><c:/Users/maikem/AppData/Roaming/TinyTeX/texmf-dist/fonts/type1/public/amsfonts/cm/cmmi10.pfb><c:/Users/maikem/AppData/Roaming/TinyTeX/texmf-dist/fonts/type1/public/amsfonts/cm/cmmi7.pfb><c:/Users/maikem/AppData/Roaming/TinyTeX/texmf-dist/fonts/type1/public/amsfonts/cm/cmr10.pfb><c:/Users/maikem/AppData/Roaming/TinyTeX/texmf-dist/fonts/type1/public/amsfonts/cm/cmr7.pfb><c:/Users/maikem/AppData/Roaming/TinyTeX/texmf-dist/fonts/type1/public/amsfonts/cm/cmsy10.pfb><c:/Users/maikem/AppData/Roaming/TinyTeX/texmf-dist/fonts/type1/public/amsfonts/cm/cmsy7.pfb><c:/Users/maikem/AppData/Roaming/TinyTeX/texmf-dist/fonts/type1/urw/helvetic/uhvr8a.pfb><c:/Users/maikem/AppData/Roaming/TinyTeX/texmf-dist/fonts/type1/urw/times/utmb8a.pfb><c:/Users/maikem/AppData/Roaming/TinyTeX/texmf-dist/fonts/type1/urw/times/utmr8a.pfb><c:/Users/maikem/AppData/Roaming/TinyTeX/texmf-dist/fonts/type1/urw/times/utmr8a.pfb><c:/Users/maikem/AppData/Roaming/TinyTeX/texmf-dist/fonts/type1/urw/times/utmri8a.pfb>
Output written on Rd2.pdf (19 pages, 175764 bytes).
Transcript written on Rd2.log.
Saving output to 'FAVA-manual.pdf' ...
Done
You may want to clean up by 'rm -Rf C:/Users/maikem/AppData/Local/Temp/Rtmpi66Wyu/Rd2pdf45bc541a4ce7'
